<?xml version="1.0" encoding="UTF-8"?>
<robot generator="Robot 4.1.2 (Python 3.9.5 on win32)" generated="20211213 21:24:16.072" rpa="false" schemaversion="2">
<suite id="s1" name="Tests" source="C:\Users\Phoebe\Desktop\stsweng_exercise\stsweng_exercise_selenium\robotframework\tests">
<suite id="s1-s1" name="Valid Login" source="C:\Users\Phoebe\Desktop\stsweng_exercise\stsweng_exercise_selenium\robotframework\tests\valid_login.robot">
<test id="s1-s1-t1" name="Valid Login">
<kw name="Open Browser" library="SeleniumLibrary">
<arg>https://www.saucedemo.com/</arg>
<arg>chrome</arg>
<doc>Opens a new browser instance to the optional ``url``.</doc>
<msg timestamp="20211213 21:24:16.351" level="INFO">Opening browser 'chrome' to base url 'https://www.saucedemo.com/'.</msg>
<status status="PASS" starttime="20211213 21:24:16.350" endtime="20211213 21:24:17.832"/>
</kw>
<kw name="Maximize Browser Window" library="SeleniumLibrary">
<doc>Maximizes current browser window.</doc>
<status status="PASS" starttime="20211213 21:24:17.832" endtime="20211213 21:24:17.954"/>
</kw>
<kw name="Page Should Contain Element" library="SeleniumLibrary">
<arg>login-button</arg>
<doc>Verifies that element ``locator`` is found on the current page.</doc>
<msg timestamp="20211213 21:24:17.970" level="INFO">Current page contains element 'login-button'.</msg>
<status status="PASS" starttime="20211213 21:24:17.955" endtime="20211213 21:24:17.970"/>
</kw>
<kw name="Input Text" library="SeleniumLibrary">
<arg>user-name</arg>
<arg>standard_user</arg>
<doc>Types the given ``text`` into the text field identified by ``locator``.</doc>
<msg timestamp="20211213 21:24:17.971" level="INFO">Typing text 'standard_user' into text field 'user-name'.</msg>
<status status="PASS" starttime="20211213 21:24:17.971" endtime="20211213 21:24:18.095"/>
</kw>
<kw name="Input Password" library="SeleniumLibrary">
<arg>password</arg>
<arg>secret_sauce</arg>
<doc>Types the given password into the text field identified by ``locator``.</doc>
<msg timestamp="20211213 21:24:18.096" level="INFO">Typing password into text field 'password'.</msg>
<msg timestamp="20211213 21:24:18.133" level="INFO">Temporally setting log level to: NONE</msg>
<msg timestamp="20211213 21:24:18.184" level="INFO">Log level changed from NONE to INFO.</msg>
<status status="PASS" starttime="20211213 21:24:18.095" endtime="20211213 21:24:18.184"/>
</kw>
<kw name="Click Button" library="SeleniumLibrary">
<arg>login-button</arg>
<doc>Clicks the button identified by ``locator``.</doc>
<msg timestamp="20211213 21:24:18.185" level="INFO">Clicking button 'login-button'.</msg>
<status status="PASS" starttime="20211213 21:24:18.185" endtime="20211213 21:24:18.315"/>
</kw>
<kw name="Element Text Should Be" library="SeleniumLibrary">
<arg>class:title</arg>
<arg>PRODUCTS</arg>
<doc>Verifies that element ``locator`` contains exact the text ``expected``.</doc>
<msg timestamp="20211213 21:24:18.316" level="INFO">Verifying element 'class:title' contains exact text 'PRODUCTS'.</msg>
<status status="PASS" starttime="20211213 21:24:18.315" endtime="20211213 21:24:18.448"/>
</kw>
<kw name="Close Browser" library="SeleniumLibrary" type="TEARDOWN">
<doc>Closes the current browser.</doc>
<status status="PASS" starttime="20211213 21:24:18.449" endtime="20211213 21:24:20.592"/>
</kw>
<status status="PASS" starttime="20211213 21:24:16.348" endtime="20211213 21:24:20.592"/>
</test>
<test id="s1-s1-t2" name="Locked Out Login">
<kw name="Open Browser" library="SeleniumLibrary">
<arg>https://www.saucedemo.com/</arg>
<arg>chrome</arg>
<doc>Opens a new browser instance to the optional ``url``.</doc>
<msg timestamp="20211213 21:24:20.595" level="INFO">Opening browser 'chrome' to base url 'https://www.saucedemo.com/'.</msg>
<status status="PASS" starttime="20211213 21:24:20.594" endtime="20211213 21:24:22.015"/>
</kw>
<kw name="Maximize Browser Window" library="SeleniumLibrary">
<doc>Maximizes current browser window.</doc>
<status status="PASS" starttime="20211213 21:24:22.016" endtime="20211213 21:24:22.140"/>
</kw>
<kw name="Page Should Contain Element" library="SeleniumLibrary">
<arg>login-button</arg>
<doc>Verifies that element ``locator`` is found on the current page.</doc>
<msg timestamp="20211213 21:24:22.153" level="INFO">Current page contains element 'login-button'.</msg>
<status status="PASS" starttime="20211213 21:24:22.141" endtime="20211213 21:24:22.153"/>
</kw>
<kw name="Input Text" library="SeleniumLibrary">
<arg>user-name</arg>
<arg>locked_out_user</arg>
<doc>Types the given ``text`` into the text field identified by ``locator``.</doc>
<msg timestamp="20211213 21:24:22.154" level="INFO">Typing text 'locked_out_user' into text field 'user-name'.</msg>
<status status="PASS" starttime="20211213 21:24:22.153" endtime="20211213 21:24:22.275"/>
</kw>
<kw name="Input Password" library="SeleniumLibrary">
<arg>password</arg>
<arg>secret_sauce</arg>
<doc>Types the given password into the text field identified by ``locator``.</doc>
<msg timestamp="20211213 21:24:22.276" level="INFO">Typing password into text field 'password'.</msg>
<msg timestamp="20211213 21:24:22.312" level="INFO">Temporally setting log level to: NONE</msg>
<msg timestamp="20211213 21:24:22.366" level="INFO">Log level changed from NONE to INFO.</msg>
<status status="PASS" starttime="20211213 21:24:22.276" endtime="20211213 21:24:22.366"/>
</kw>
<kw name="Click Button" library="SeleniumLibrary">
<arg>login-button</arg>
<doc>Clicks the button identified by ``locator``.</doc>
<msg timestamp="20211213 21:24:22.367" level="INFO">Clicking button 'login-button'.</msg>
<status status="PASS" starttime="20211213 21:24:22.367" endtime="20211213 21:24:22.428"/>
</kw>
<kw name="Element Text Should Be" library="SeleniumLibrary">
<arg>//*[@id="login_button_container"]/div/form/div[3]/h3</arg>
<arg>Epic sadface: Sorry, this user has been locked out.</arg>
<doc>Verifies that element ``locator`` contains exact the text ``expected``.</doc>
<msg timestamp="20211213 21:24:22.430" level="INFO">Verifying element '//*[@id="login_button_container"]/div/form/div[3]/h3' contains exact text 'Epic sadface: Sorry, this user has been locked out.'.</msg>
<status status="PASS" starttime="20211213 21:24:22.429" endtime="20211213 21:24:22.456"/>
</kw>
<kw name="Close Browser" library="SeleniumLibrary" type="TEARDOWN">
<doc>Closes the current browser.</doc>
<status status="PASS" starttime="20211213 21:24:22.457" endtime="20211213 21:24:24.594"/>
</kw>
<status status="PASS" starttime="20211213 21:24:20.594" endtime="20211213 21:24:24.594"/>
</test>
<test id="s1-s1-t3" name="Wrong Pasword Login">
<kw name="Open Browser" library="SeleniumLibrary">
<arg>https://www.saucedemo.com/</arg>
<arg>chrome</arg>
<doc>Opens a new browser instance to the optional ``url``.</doc>
<msg timestamp="20211213 21:24:24.597" level="INFO">Opening browser 'chrome' to base url 'https://www.saucedemo.com/'.</msg>
<status status="PASS" starttime="20211213 21:24:24.597" endtime="20211213 21:24:25.954"/>
</kw>
<kw name="Maximize Browser Window" library="SeleniumLibrary">
<doc>Maximizes current browser window.</doc>
<status status="PASS" starttime="20211213 21:24:25.954" endtime="20211213 21:24:26.083"/>
</kw>
<kw name="Page Should Contain Element" library="SeleniumLibrary">
<arg>login-button</arg>
<doc>Verifies that element ``locator`` is found on the current page.</doc>
<msg timestamp="20211213 21:24:26.096" level="INFO">Current page contains element 'login-button'.</msg>
<status status="PASS" starttime="20211213 21:24:26.084" endtime="20211213 21:24:26.096"/>
</kw>
<kw name="Input Text" library="SeleniumLibrary">
<arg>user-name</arg>
<arg>standard_user</arg>
<doc>Types the given ``text`` into the text field identified by ``locator``.</doc>
<msg timestamp="20211213 21:24:26.097" level="INFO">Typing text 'standard_user' into text field 'user-name'.</msg>
<status status="PASS" starttime="20211213 21:24:26.096" endtime="20211213 21:24:26.210"/>
</kw>
<kw name="Input Password" library="SeleniumLibrary">
<arg>password</arg>
<arg>123456</arg>
<doc>Types the given password into the text field identified by ``locator``.</doc>
<msg timestamp="20211213 21:24:26.211" level="INFO">Typing password into text field 'password'.</msg>
<msg timestamp="20211213 21:24:26.249" level="INFO">Temporally setting log level to: NONE</msg>
<msg timestamp="20211213 21:24:26.295" level="INFO">Log level changed from NONE to INFO.</msg>
<status status="PASS" starttime="20211213 21:24:26.211" endtime="20211213 21:24:26.295"/>
</kw>
<kw name="Click Button" library="SeleniumLibrary">
<arg>login-button</arg>
<doc>Clicks the button identified by ``locator``.</doc>
<msg timestamp="20211213 21:24:26.296" level="INFO">Clicking button 'login-button'.</msg>
<status status="PASS" starttime="20211213 21:24:26.295" endtime="20211213 21:24:26.352"/>
</kw>
<kw name="Element Text Should Be" library="SeleniumLibrary">
<arg>//*[@id="login_button_container"]/div/form/div[3]/h3</arg>
<arg>Epic sadface: Username and password do not match any user in this service</arg>
<doc>Verifies that element ``locator`` contains exact the text ``expected``.</doc>
<msg timestamp="20211213 21:24:26.353" level="INFO">Verifying element '//*[@id="login_button_container"]/div/form/div[3]/h3' contains exact text 'Epic sadface: Username and password do not match any user in this service'.</msg>
<status status="PASS" starttime="20211213 21:24:26.353" endtime="20211213 21:24:26.382"/>
</kw>
<kw name="Close Browser" library="SeleniumLibrary" type="TEARDOWN">
<doc>Closes the current browser.</doc>
<status status="PASS" starttime="20211213 21:24:26.383" endtime="20211213 21:24:28.488"/>
</kw>
<status status="PASS" starttime="20211213 21:24:24.596" endtime="20211213 21:24:28.488"/>
</test>
<doc>A test suite that tests different items


</doc>
<status status="PASS" starttime="20211213 21:24:16.110" endtime="20211213 21:24:28.490"/>
</suite>
<status status="PASS" starttime="20211213 21:24:16.075" endtime="20211213 21:24:28.493"/>
</suite>
<statistics>
<total>
<stat pass="3" fail="0" skip="0">All Tests</stat>
</total>
<tag>
</tag>
<suite>
<stat pass="3" fail="0" skip="0" id="s1" name="Tests">Tests</stat>
<stat pass="3" fail="0" skip="0" id="s1-s1" name="Valid Login">Tests.Valid Login</stat>
</suite>
</statistics>
<errors>
</errors>
</robot>
